The system is: Windows - 10.0.19045 - AMD64
Compiling the CXX compiler identification source file "CMakeCXXCompilerId.cpp" succeeded.
Compiler:  
Build flags: 
Id flags:  

The output was:
0
閫傜敤浜?.NET Framework MSBuild 鐗堟湰 17.13.19+0d9f5a35a
鐢熸垚鍚姩鏃堕棿涓?2025/4/17 22:35:12銆?

鑺傜偣 1 涓婄殑椤圭洰鈥淛:\GitHub\voice\WhisperGUIQt6\CMakeFiles\3.22.3\CompilerIdCXX\CompilerIdCXX.vcxproj鈥?榛樿鐩爣)銆?
PrepareForBuild:
  姝ｅ湪鍒涘缓鐩綍鈥淒ebug\鈥濄€?
  宸插惎鐢ㄧ粨鏋勫寲杈撳嚭銆傜紪璇戝櫒璇婃柇鐨勬牸寮忚缃皢鍙嶆槧閿欒灞傛缁撴瀯銆傛湁鍏宠缁嗕俊鎭紝璇峰弬闃?https://aka.ms/cpp/structured-output銆?
  姝ｅ湪鍒涘缓鐩綍鈥淒ebug\CompilerIdCXX.tlog\鈥濄€?
InitializeBuildStatus:
  姝ｅ湪鍒涘缓鈥淒ebug\CompilerIdCXX.tlog\unsuccessfulbuild鈥濓紝鍥犱负宸叉寚瀹氣€淎lwaysCreate鈥濄€?
  姝ｅ湪瀵光€淒ebug\CompilerIdCXX.tlog\unsuccessfulbuild鈥濇墽琛?Touch 浠诲姟銆?
ClCompile:
  d:\Program Files\Microsoft Visual Studio\2022\Enterprise\VC\Tools\MSVC\14.38.33130\bin\HostX64\x64\CL.exe /c /nologo /W0 /WX- /diagnostics:column /Od /D _MBCS /Gm- /EHsc /RTC1 /MDd /GS /fp:precise /Zc:wchar_t /Zc:forScope /Zc:inline /Fo"Debug\\" /Fd"Debug\vc143.pdb" /external:W0 /Gd /TP /FC /errorReport:queue CMakeCXXCompilerId.cpp
  CMakeCXXCompilerId.cpp
Link:
  d:\Program Files\Microsoft Visual Studio\2022\Enterprise\VC\Tools\MSVC\14.38.33130\bin\HostX64\x64\link.exe /ERRORREPORT:QUEUE /OUT:".\CompilerIdCXX.exe" /INCREMENTAL:NO /NOLOGO kernel32.lib user32.lib gdi32.lib winspool.lib comdlg32.lib advapi32.lib shell32.lib ole32.lib oleaut32.lib uuid.lib odbc32.lib odbccp32.lib /MANIFEST /MANIFESTUAC:"level='asInvoker' uiAccess='false'" /manifest:embed /PDB:".\CompilerIdCXX.pdb" /SUBSYSTEM:CONSOLE /TLBID:1 /DYNAMICBASE /NXCOMPAT /IMPLIB:".\CompilerIdCXX.lib" /MACHINE:X64 Debug\CMakeCXXCompilerId.obj
  CompilerIdCXX.vcxproj -> J:\GitHub\voice\WhisperGUIQt6\CMakeFiles\3.22.3\CompilerIdCXX\CompilerIdCXX.exe
PostBuildEvent:
  for %%i in (cl.exe) do @echo CMAKE_CXX_COMPILER=%%~$PATH:i
  :VCEnd
  CMAKE_CXX_COMPILER=d:\Program Files\Microsoft Visual Studio\2022\Enterprise\VC\Tools\MSVC\14.38.33130\bin\Hostx64\x64\cl.exe
FinalizeBuildStatus:
  姝ｅ湪鍒犻櫎鏂囦欢鈥淒ebug\CompilerIdCXX.tlog\unsuccessfulbuild鈥濄€?
  姝ｅ湪瀵光€淒ebug\CompilerIdCXX.tlog\CompilerIdCXX.lastbuildstate鈥濇墽琛?Touch 浠诲姟銆?
宸插畬鎴愮敓鎴愰」鐩€淛:\GitHub\voice\WhisperGUIQt6\CMakeFiles\3.22.3\CompilerIdCXX\CompilerIdCXX.vcxproj鈥?榛樿鐩爣)鐨勬搷浣溿€?

宸叉垚鍔熺敓鎴愩€?
    0 涓鍛?
    0 涓敊璇?

宸茬敤鏃堕棿 00:00:02.86


Compilation of the CXX compiler identification source "CMakeCXXCompilerId.cpp" produced "CompilerIdCXX.exe"

Compilation of the CXX compiler identification source "CMakeCXXCompilerId.cpp" produced "CompilerIdCXX.vcxproj"

The CXX compiler identification is MSVC, found in "J:/GitHub/voice/WhisperGUIQt6/CMakeFiles/3.22.3/CompilerIdCXX/CompilerIdCXX.exe"

Detecting CXX compiler ABI info compiled with the following output:
Change Dir: J:/GitHub/voice/WhisperGUIQt6/CMakeFiles/CMakeTmp

Run Build Command(s):d:/Program Files/Microsoft Visual Studio/2022/Enterprise/MSBuild/Current/Bin/amd64/MSBuild.exe cmTC_9b115.vcxproj /p:Configuration=Debug /p:Platform=x64 /p:VisualStudioVersion=17.0 /v:m && 閫傜敤浜?.NET Framework MSBuild 鐗堟湰 17.13.19+0d9f5a35a

  鐢ㄤ簬 x64 鐨?Microsoft (R) C/C++ 浼樺寲缂栬瘧鍣?19.38.33145 鐗?
  鐗堟潈鎵€鏈?C) Microsoft Corporation銆備繚鐣欐墍鏈夋潈鍒┿€?
  cl /c /Zi /W1 /WX- /diagnostics:column /Od /Ob0 /D _MBCS /D WIN32 /D _WINDOWS /D "CMAKE_INTDIR=\"Debug\"" /Gm- /EHsc /RTC1 /MDd /GS /fp:precise /Zc:wchar_t /Zc:forScope /Zc:inline /GR /Fo"cmTC_9b115.dir\Debug\\" /Fd"cmTC_9b115.dir\Debug\vc143.pdb" /external:W1 /Gd /TP /errorReport:queue "C:\JavaTool\cmake-3.22.3-windows-x86_64\share\cmake-3.22\Modules\CMakeCXXCompilerABI.cpp"
  CMakeCXXCompilerABI.cpp
  cmTC_9b115.vcxproj -> J:\GitHub\voice\WhisperGUIQt6\CMakeFiles\CMakeTmp\Debug\cmTC_9b115.exe



